<?xml version="1.0" encoding="UTF-8"?>
<!-- Generated by org.testng.reporters.JUnitReportReporter -->
<testsuite hostname="DESKTOP-UO09EH4" failures="0" tests="2" name="org.maya.TestParam.Test1" time="23.667" errors="0" timestamp="2024-04-21T20:07:17 IST" skipped="0">
  <testcase classname="org.maya.TestParam.Test1" name="GetAccAndType" time="9.679"/>
  <testcase classname="org.maya.TestParam.Test1" name="Register" time="13.988"/>
</testsuite> <!-- org.maya.TestParam.Test1 -->
